<?xml version="1.0" encoding="UTF-8"?>
<testng-results skipped="0" failed="0" total="6" passed="6">
  <reporter-output>
  </reporter-output>
  <suite name="Suite1" duration-ms="288" started-at="2016-07-22T18:10:27Z" finished-at="2016-07-22T18:10:27Z">
    <groups>
    </groups>
    <test name="test1" duration-ms="109" started-at="2016-07-22T18:10:27Z" finished-at="2016-07-22T18:10:27Z">
      <class name="FirstTestNGPackage.TestngAnnotations">
        <test-method status="PASS" signature="beforeTest()[pri:0, instance:FirstTestNGPackage.TestngAnnotations@7c16905e]" name="beforeTest" is-config="true" duration-ms="1" started-at="2016-07-22T23:40:27Z" finished-at="2016-07-22T23:40:27Z">
          <reporter-output>
          </reporter-output>
        </test-method> <!-- beforeTest -->
        <test-method status="PASS" signature="beforeClass()[pri:0, instance:FirstTestNGPackage.TestngAnnotations@7c16905e]" name="beforeClass" is-config="true" duration-ms="1" started-at="2016-07-22T23:40:27Z" finished-at="2016-07-22T23:40:27Z">
          <reporter-output>
          </reporter-output>
        </test-method> <!-- beforeClass -->
        <test-method status="PASS" signature="beforeMethod()[pri:0, instance:FirstTestNGPackage.TestngAnnotations@7c16905e]" name="beforeMethod" is-config="true" duration-ms="1" started-at="2016-07-22T23:40:27Z" finished-at="2016-07-22T23:40:27Z">
          <reporter-output>
          </reporter-output>
        </test-method> <!-- beforeMethod -->
        <test-method status="PASS" signature="testCase1()[pri:0, instance:FirstTestNGPackage.TestngAnnotations@7c16905e]" name="testCase1" duration-ms="13" started-at="2016-07-22T23:40:27Z" finished-at="2016-07-22T23:40:27Z">
          <reporter-output>
          </reporter-output>
        </test-method> <!-- testCase1 -->
        <test-method status="PASS" signature="afterMethod()[pri:0, instance:FirstTestNGPackage.TestngAnnotations@7c16905e]" name="afterMethod" is-config="true" duration-ms="0" started-at="2016-07-22T23:40:27Z" finished-at="2016-07-22T23:40:27Z">
          <reporter-output>
          </reporter-output>
        </test-method> <!-- afterMethod -->
        <test-method status="PASS" signature="beforeMethod()[pri:0, instance:FirstTestNGPackage.TestngAnnotations@7c16905e]" name="beforeMethod" is-config="true" duration-ms="1" started-at="2016-07-22T23:40:27Z" finished-at="2016-07-22T23:40:27Z">
          <reporter-output>
          </reporter-output>
        </test-method> <!-- beforeMethod -->
        <test-method status="PASS" signature="testCase2()[pri:0, instance:FirstTestNGPackage.TestngAnnotations@7c16905e]" name="testCase2" duration-ms="3" started-at="2016-07-22T23:40:27Z" finished-at="2016-07-22T23:40:27Z">
          <reporter-output>
          </reporter-output>
        </test-method> <!-- testCase2 -->
        <test-method status="PASS" signature="afterMethod()[pri:0, instance:FirstTestNGPackage.TestngAnnotations@7c16905e]" name="afterMethod" is-config="true" duration-ms="1" started-at="2016-07-22T23:40:27Z" finished-at="2016-07-22T23:40:27Z">
          <reporter-output>
          </reporter-output>
        </test-method> <!-- afterMethod -->
        <test-method status="PASS" signature="afterClass()[pri:0, instance:FirstTestNGPackage.TestngAnnotations@7c16905e]" name="afterClass" is-config="true" duration-ms="0" started-at="2016-07-22T23:40:27Z" finished-at="2016-07-22T23:40:27Z">
          <reporter-output>
          </reporter-output>
        </test-method> <!-- afterClass -->
        <test-method status="PASS" signature="afterTest()[pri:0, instance:FirstTestNGPackage.TestngAnnotations@7c16905e]" name="afterTest" is-config="true" duration-ms="0" started-at="2016-07-22T23:40:27Z" finished-at="2016-07-22T23:40:27Z">
          <reporter-output>
          </reporter-output>
        </test-method> <!-- afterTest -->
      </class> <!-- FirstTestNGPackage.TestngAnnotations -->
    </test> <!-- test1 -->
    <test name="test2" duration-ms="36" started-at="2016-07-22T18:10:27Z" finished-at="2016-07-22T18:10:27Z">
      <class name="FirstTestNGPackage.TestngAnnotations2">
        <test-method status="PASS" signature="beforeClass()[pri:0, instance:FirstTestNGPackage.TestngAnnotations2@4c70fda8]" name="beforeClass" is-config="true" duration-ms="0" started-at="2016-07-22T23:40:27Z" finished-at="2016-07-22T23:40:27Z">
          <reporter-output>
          </reporter-output>
        </test-method> <!-- beforeClass -->
        <test-method status="PASS" signature="beforeMethod()[pri:0, instance:FirstTestNGPackage.TestngAnnotations2@4c70fda8]" name="beforeMethod" is-config="true" duration-ms="1" started-at="2016-07-22T23:40:27Z" finished-at="2016-07-22T23:40:27Z">
          <reporter-output>
          </reporter-output>
        </test-method> <!-- beforeMethod -->
        <test-method status="PASS" signature="testCase1()[pri:0, instance:FirstTestNGPackage.TestngAnnotations2@4c70fda8]" name="testCase1" duration-ms="2" started-at="2016-07-22T23:40:27Z" finished-at="2016-07-22T23:40:27Z">
          <reporter-output>
          </reporter-output>
        </test-method> <!-- testCase1 -->
        <test-method status="PASS" signature="afterMethod()[pri:0, instance:FirstTestNGPackage.TestngAnnotations2@4c70fda8]" name="afterMethod" is-config="true" duration-ms="3" started-at="2016-07-22T23:40:27Z" finished-at="2016-07-22T23:40:27Z">
          <reporter-output>
          </reporter-output>
        </test-method> <!-- afterMethod -->
        <test-method status="PASS" signature="beforeMethod()[pri:0, instance:FirstTestNGPackage.TestngAnnotations2@4c70fda8]" name="beforeMethod" is-config="true" duration-ms="1" started-at="2016-07-22T23:40:27Z" finished-at="2016-07-22T23:40:27Z">
          <reporter-output>
          </reporter-output>
        </test-method> <!-- beforeMethod -->
        <test-method status="PASS" signature="testCase2()[pri:0, instance:FirstTestNGPackage.TestngAnnotations2@4c70fda8]" name="testCase2" duration-ms="1" started-at="2016-07-22T23:40:27Z" finished-at="2016-07-22T23:40:27Z">
          <reporter-output>
          </reporter-output>
        </test-method> <!-- testCase2 -->
        <test-method status="PASS" signature="afterMethod()[pri:0, instance:FirstTestNGPackage.TestngAnnotations2@4c70fda8]" name="afterMethod" is-config="true" duration-ms="0" started-at="2016-07-22T23:40:27Z" finished-at="2016-07-22T23:40:27Z">
          <reporter-output>
          </reporter-output>
        </test-method> <!-- afterMethod -->
        <test-method status="PASS" signature="afterClass()[pri:0, instance:FirstTestNGPackage.TestngAnnotations2@4c70fda8]" name="afterClass" is-config="true" duration-ms="1" started-at="2016-07-22T23:40:27Z" finished-at="2016-07-22T23:40:27Z">
          <reporter-output>
          </reporter-output>
        </test-method> <!-- afterClass -->
      </class> <!-- FirstTestNGPackage.TestngAnnotations2 -->
      <class name="FirstTestNGPackage.TestngAnnotations">
        <test-method status="PASS" signature="beforeSuite()[pri:0, instance:FirstTestNGPackage.TestngAnnotations@26be92ad]" name="beforeSuite" is-config="true" duration-ms="15" started-at="2016-07-22T23:40:27Z" finished-at="2016-07-22T23:40:27Z">
          <reporter-output>
          </reporter-output>
        </test-method> <!-- beforeSuite -->
        <test-method status="PASS" signature="beforeSuite()[pri:0, instance:FirstTestNGPackage.TestngAnnotations2@4c70fda8]" name="beforeSuite" is-config="true" duration-ms="0" started-at="2016-07-22T23:40:27Z" finished-at="2016-07-22T23:40:27Z">
          <reporter-output>
          </reporter-output>
        </test-method> <!-- beforeSuite -->
        <test-method status="PASS" signature="beforeTest()[pri:0, instance:FirstTestNGPackage.TestngAnnotations@26be92ad]" name="beforeTest" is-config="true" duration-ms="0" started-at="2016-07-22T23:40:27Z" finished-at="2016-07-22T23:40:27Z">
          <reporter-output>
          </reporter-output>
        </test-method> <!-- beforeTest -->
        <test-method status="PASS" signature="beforeTest()[pri:0, instance:FirstTestNGPackage.TestngAnnotations2@4c70fda8]" name="beforeTest" is-config="true" duration-ms="0" started-at="2016-07-22T23:40:27Z" finished-at="2016-07-22T23:40:27Z">
          <reporter-output>
          </reporter-output>
        </test-method> <!-- beforeTest -->
        <test-method status="PASS" signature="beforeClass()[pri:0, instance:FirstTestNGPackage.TestngAnnotations@26be92ad]" name="beforeClass" is-config="true" duration-ms="0" started-at="2016-07-22T23:40:27Z" finished-at="2016-07-22T23:40:27Z">
          <reporter-output>
          </reporter-output>
        </test-method> <!-- beforeClass -->
        <test-method status="PASS" signature="testCase1()[pri:0, instance:FirstTestNGPackage.TestngAnnotations@26be92ad]" name="testCase1" duration-ms="2" started-at="2016-07-22T23:40:27Z" finished-at="2016-07-22T23:40:27Z">
          <reporter-output>
          </reporter-output>
        </test-method> <!-- testCase1 -->
        <test-method status="PASS" signature="beforeMethod()[pri:0, instance:FirstTestNGPackage.TestngAnnotations@26be92ad]" name="beforeMethod" is-config="true" duration-ms="0" started-at="2016-07-22T23:40:27Z" finished-at="2016-07-22T23:40:27Z">
          <reporter-output>
          </reporter-output>
        </test-method> <!-- beforeMethod -->
        <test-method status="PASS" signature="afterMethod()[pri:0, instance:FirstTestNGPackage.TestngAnnotations@26be92ad]" name="afterMethod" is-config="true" duration-ms="1" started-at="2016-07-22T23:40:27Z" finished-at="2016-07-22T23:40:27Z">
          <reporter-output>
          </reporter-output>
        </test-method> <!-- afterMethod -->
        <test-method status="PASS" signature="beforeMethod()[pri:0, instance:FirstTestNGPackage.TestngAnnotations@26be92ad]" name="beforeMethod" is-config="true" duration-ms="1" started-at="2016-07-22T23:40:27Z" finished-at="2016-07-22T23:40:27Z">
          <reporter-output>
          </reporter-output>
        </test-method> <!-- beforeMethod -->
        <test-method status="PASS" signature="testCase2()[pri:0, instance:FirstTestNGPackage.TestngAnnotations@26be92ad]" name="testCase2" duration-ms="2" started-at="2016-07-22T23:40:27Z" finished-at="2016-07-22T23:40:27Z">
          <reporter-output>
          </reporter-output>
        </test-method> <!-- testCase2 -->
        <test-method status="PASS" signature="afterMethod()[pri:0, instance:FirstTestNGPackage.TestngAnnotations@26be92ad]" name="afterMethod" is-config="true" duration-ms="1" started-at="2016-07-22T23:40:27Z" finished-at="2016-07-22T23:40:27Z">
          <reporter-output>
          </reporter-output>
        </test-method> <!-- afterMethod -->
        <test-method status="PASS" signature="afterClass()[pri:0, instance:FirstTestNGPackage.TestngAnnotations@26be92ad]" name="afterClass" is-config="true" duration-ms="0" started-at="2016-07-22T23:40:27Z" finished-at="2016-07-22T23:40:27Z">
          <reporter-output>
          </reporter-output>
        </test-method> <!-- afterClass -->
        <test-method status="PASS" signature="afterTest()[pri:0, instance:FirstTestNGPackage.TestngAnnotations@26be92ad]" name="afterTest" is-config="true" duration-ms="0" started-at="2016-07-22T23:40:27Z" finished-at="2016-07-22T23:40:27Z">
          <reporter-output>
          </reporter-output>
        </test-method> <!-- afterTest -->
        <test-method status="PASS" signature="afterTest()[pri:0, instance:FirstTestNGPackage.TestngAnnotations2@4c70fda8]" name="afterTest" is-config="true" duration-ms="0" started-at="2016-07-22T23:40:27Z" finished-at="2016-07-22T23:40:27Z">
          <reporter-output>
          </reporter-output>
        </test-method> <!-- afterTest -->
        <test-method status="PASS" signature="afterSuite()[pri:0, instance:FirstTestNGPackage.TestngAnnotations@26be92ad]" name="afterSuite" is-config="true" duration-ms="1" started-at="2016-07-22T23:40:27Z" finished-at="2016-07-22T23:40:27Z">
          <reporter-output>
          </reporter-output>
        </test-method> <!-- afterSuite -->
        <test-method status="PASS" signature="afterSuite()[pri:0, instance:FirstTestNGPackage.TestngAnnotations2@4c70fda8]" name="afterSuite" is-config="true" duration-ms="0" started-at="2016-07-22T23:40:27Z" finished-at="2016-07-22T23:40:27Z">
          <reporter-output>
          </reporter-output>
        </test-method> <!-- afterSuite -->
      </class> <!-- FirstTestNGPackage.TestngAnnotations -->
    </test> <!-- test2 -->
  </suite> <!-- Suite1 -->
</testng-results>
