<?xml version="1.0" encoding="UTF-8"?>
<!-- Generated by org.testng.reporters.JUnitXMLReporter -->
<testsuite hostname="DESKTOP-TUUHO9V" name="Default test" tests="2" failures="0" timestamp="1 Jun 2016 04:59:42 GMT" time="0.093" errors="0">
  <testcase name="@BeforeTest launch" time="0.0" classname="FirstTestNGPackage.FirstTestNGClass">
    <failure type="java.lang.Error" message="Unresolved compilation problems: 
	browser cannot be resolved
	browser cannot be resolved
	browser cannot be resolved
">
      <![CDATA[java.lang.Error: Unresolved compilation problems: 
	browser cannot be resolved
	browser cannot be resolved
	browser cannot be resolved

	at FirstTestNGPackage.FirstTestNGClass.launch(FirstTestNGClass.java:36)
	at sun.reflect.NativeMethodAccessorImpl.invoke0(Native Method)
	at sun.reflect.NativeMethodAccessorImpl.invoke(Unknown Source)
	at sun.reflect.DelegatingMethodAccessorImpl.invoke(Unknown Source)
	at java.lang.reflect.Method.invoke(Unknown Source)
	at org.testng.internal.MethodInvocationHelper.invokeMethod(MethodInvocationHelper.java:86)
	at org.testng.internal.Invoker.invokeConfigurationMethod(Invoker.java:515)
	at org.testng.internal.Invoker.invokeConfigurations(Invoker.java:216)
	at org.testng.internal.Invoker.invokeConfigurations(Invoker.java:143)
	at org.testng.TestRunner.beforeRun(TestRunner.java:656)
	at org.testng.TestRunner.run(TestRunner.java:624)
	at org.testng.SuiteRunner.runTest(SuiteRunner.java:366)
	at org.testng.SuiteRunner.runSequentially(SuiteRunner.java:361)
	at org.testng.SuiteRunner.privateRun(SuiteRunner.java:319)
	at org.testng.SuiteRunner.run(SuiteRunner.java:268)
	at org.testng.SuiteRunnerWorker.runSuite(SuiteRunnerWorker.java:52)
	at org.testng.SuiteRunnerWorker.run(SuiteRunnerWorker.java:86)
	at org.testng.TestNG.runSuitesSequentially(TestNG.java:1225)
	at org.testng.TestNG.runSuitesLocally(TestNG.java:1150)
	at org.testng.TestNG.runSuites(TestNG.java:1075)
	at org.testng.TestNG.run(TestNG.java:1047)
	at org.testng.remote.AbstractRemoteTestNG.run(AbstractRemoteTestNG.java:126)
	at org.testng.remote.RemoteTestNG.initAndRun(RemoteTestNG.java:137)
	at org.testng.remote.RemoteTestNG.main(RemoteTestNG.java:58)
]]>
    </failure>
  </testcase> <!-- @BeforeTest launch -->
  <testcase name="@BeforeMethod verifyHomeTitle" time="0.0" classname="FirstTestNGPackage.FirstTestNGClass">
    <skipped/>
  </testcase> <!-- @BeforeMethod verifyHomeTitle -->
  <testcase name="@AfterMethod goToHomePAge" time="0.0" classname="FirstTestNGPackage.FirstTestNGClass">
    <skipped/>
  </testcase> <!-- @AfterMethod goToHomePAge -->
  <testcase name="@BeforeMethod verifyHomeTitle" time="0.0" classname="FirstTestNGPackage.FirstTestNGClass">
    <skipped/>
  </testcase> <!-- @BeforeMethod verifyHomeTitle -->
  <testcase name="@AfterMethod goToHomePAge" time="0.0" classname="FirstTestNGPackage.FirstTestNGClass">
    <skipped/>
  </testcase> <!-- @AfterMethod goToHomePAge -->
  <testcase name="@AfterTest close" time="0.0" classname="FirstTestNGPackage.FirstTestNGClass">
    <skipped/>
  </testcase> <!-- @AfterTest close -->
  <testcase name="register" time="0.004" classname="FirstTestNGPackage.FirstTestNGClass">
    <skipped/>
  </testcase> <!-- register -->
  <testcase name="support" time="0.003" classname="FirstTestNGPackage.FirstTestNGClass">
    <skipped/>
  </testcase> <!-- support -->
</testsuite> <!-- Default test -->
