<?xml version="1.0" encoding="UTF-8"?>
<!-- Generated by org.testng.reporters.JUnitXMLReporter -->
<testsuite hostname="DESKTOP-TUUHO9V" name="IETest" tests="2" failures="0" timestamp="1 Jun 2016 05:02:20 GMT" time="8.677" errors="0">
  <testcase name="@BeforeMethod verifyHomeTitle" time="0.0" classname="FirstTestNGPackage.FirstTestNGClass">
    <failure type="java.lang.AssertionError" message="expected [Welcome: Mercury Tours] but found [WebDriver]">
      <![CDATA[java.lang.AssertionError: expected [Welcome: Mercury Tours] but found [WebDriver]
	at FirstTestNGPackage.FirstTestNGClass.verifyHomeTitle(FirstTestNGClass.java:59)
	at java.util.concurrent.FutureTask.run(Unknown Source)
	at java.util.concurrent.ThreadPoolExecutor.runWorker(Unknown Source)
	at java.util.concurrent.ThreadPoolExecutor$Worker.run(Unknown Source)
	at java.lang.Thread.run(Unknown Source)
... Removed 24 stack frames]]>
    </failure>
  </testcase> <!-- @BeforeMethod verifyHomeTitle -->
  <testcase name="@AfterMethod goToHomePAge" time="0.0" classname="FirstTestNGPackage.FirstTestNGClass">
    <skipped/>
  </testcase> <!-- @AfterMethod goToHomePAge -->
  <testcase name="@BeforeMethod verifyHomeTitle" time="0.0" classname="FirstTestNGPackage.FirstTestNGClass">
    <skipped/>
  </testcase> <!-- @BeforeMethod verifyHomeTitle -->
  <testcase name="@AfterMethod goToHomePAge" time="0.0" classname="FirstTestNGPackage.FirstTestNGClass">
    <skipped/>
  </testcase> <!-- @AfterMethod goToHomePAge -->
  <testcase name="@AfterTest close" time="0.0" classname="FirstTestNGPackage.FirstTestNGClass">
    <skipped/>
  </testcase> <!-- @AfterTest close -->
  <testcase name="register" time="0.001" classname="FirstTestNGPackage.FirstTestNGClass">
    <skipped/>
  </testcase> <!-- register -->
  <testcase name="support" time="0.007" classname="FirstTestNGPackage.FirstTestNGClass">
    <skipped/>
  </testcase> <!-- support -->
</testsuite> <!-- IETest -->
